  NavigationLab.cpp
c:\users\1\desktop\总文档\other projects\unity\navigationtest\navigationlab\navigationlab\navigationlab.cpp(163): warning C4267: “=”: 从“size_t”转换到“int”，可能丢失数据
c:\users\1\desktop\总文档\other projects\unity\navigationtest\navigationlab\navigationlab\navigationlab.cpp(198): warning C4267: “=”: 从“size_t”转换到“int”，可能丢失数据
c:\users\1\desktop\总文档\other projects\unity\navigationtest\navigationlab\navigationlab\navigationlab.cpp(209): warning C4267: “初始化”: 从“size_t”转换到“int”，可能丢失数据
c:\users\1\desktop\总文档\other projects\unity\navigationtest\navigationlab\navigationlab\navigationlab.cpp(212): warning C4267: “=”: 从“size_t”转换到“int”，可能丢失数据
c:\users\1\desktop\总文档\other projects\unity\navigationtest\navigationlab\navigationlab\navigationlab.cpp(275): warning C4267: “=”: 从“size_t”转换到“int”，可能丢失数据
c:\users\1\desktop\总文档\other projects\unity\navigationtest\navigationlab\navigationlab\minheap.h(84): warning C4267: “return”: 从“size_t”转换到“unsigned int”，可能丢失数据
  c:\users\1\desktop\总文档\other projects\unity\navigationtest\navigationlab\navigationlab\minheap.h(83): note: 编译 类 模板 成员函数 "unsigned int MinHeap<PointRecord_DFS>::size(void)" 时
  c:\users\1\desktop\总文档\other projects\unity\navigationtest\navigationlab\navigationlab\navigationlab.cpp(143): note: 参见对正在编译的函数 模板 实例化“unsigned int MinHeap<PointRecord_DFS>::size(void)”的引用
  c:\users\1\desktop\总文档\other projects\unity\navigationtest\navigationlab\navigationlab\navigationlab.cpp(139): note: 参见对正在编译的 类 模板 实例化 "MinHeap<PointRecord_DFS>" 的引用
c:\users\1\desktop\总文档\other projects\unity\navigationtest\navigationlab\navigationlab\minheap.h(95): warning C4267: “初始化”: 从“size_t”转换到“unsigned int”，可能丢失数据
  c:\users\1\desktop\总文档\other projects\unity\navigationtest\navigationlab\navigationlab\minheap.h(94): note: 编译 类 模板 成员函数 "void MinHeap<PointRecord_DFS>::heapifyTopDown(unsigned int)" 时
  c:\users\1\desktop\总文档\other projects\unity\navigationtest\navigationlab\navigationlab\minheap.h(51): note: 参见对正在编译的函数 模板 实例化“void MinHeap<PointRecord_DFS>::heapifyTopDown(unsigned int)”的引用
c:\users\1\desktop\总文档\other projects\unity\navigationtest\navigationlab\navigationlab\minheap.h(69): warning C4267: “参数”: 从“size_t”转换到“unsigned int”，可能丢失数据
  c:\users\1\desktop\总文档\other projects\unity\navigationtest\navigationlab\navigationlab\minheap.h(62): note: 参见对正在编译的函数 模板 实例化“void MinHeap<PointRecord_DFS>::Emplace<PointRecord_DFS>(Valt &&)”的引用
          with
          [
              Valt=PointRecord_DFS
          ]
  c:\users\1\desktop\总文档\other projects\unity\navigationtest\navigationlab\navigationlab\minheap.h(62): note: 参见对正在编译的函数 模板 实例化“void MinHeap<PointRecord_DFS>::Emplace<PointRecord_DFS>(Valt &&)”的引用
          with
          [
              Valt=PointRecord_DFS
          ]
  c:\users\1\desktop\总文档\other projects\unity\navigationtest\navigationlab\navigationlab\minheap.h(61): note: 编译 类 模板 成员函数 "void MinHeap<PointRecord_DFS>::Insert(T &&)" 时
          with
          [
              T=PointRecord_DFS
          ]
  c:\users\1\desktop\总文档\other projects\unity\navigationtest\navigationlab\navigationlab\navigationlab.cpp(142): note: 参见对正在编译的函数 模板 实例化“void MinHeap<PointRecord_DFS>::Insert(T &&)”的引用
          with
          [
              T=PointRecord_DFS
          ]
    正在创建库 C:\Users\1\Desktop\总文档\Other Projects\Unity\NavigationTest\NavigationLab\x64\Release\NavigationLab.lib 和对象 C:\Users\1\Desktop\总文档\Other Projects\Unity\NavigationTest\NavigationLab\x64\Release\NavigationLab.exp
  正在生成代码
  2 of 430 functions ( 0.5%) were compiled, the rest were copied from previous compilation.
    0 functions were new in current compilation
    0 functions had inline decision re-evaluated but remain unchanged
  已完成代码的生成
  NavigationLab.vcxproj -> C:\Users\1\Desktop\总文档\Other Projects\Unity\NavigationTest\NavigationLab\x64\Release\NavigationLab.dll
